SQL> SET ECHO ON
SQL> SET FEEDBACK ON
SQL> SET LINESIZE 100
SQL> SET PAGESIZE 200
SQL> SET SERVEROUTPUT ON
SQL> 
SQL> create index A1Task3Idx on orders(o_orderdate, o_clerk, o_totalprice);

Index A1TASK3IDX created.

SQL> 
SQL> -- qn a
SQL> explain plan set STATEMENT_ID='2a' for
  2  SELECT o_orderdate FROM ORDERS WHERE o_orderdate= TO_DATE('1994-08-13', 'YYYY-MM-DD') AND o_totalprice = 98676.18 AND  o_clerk='Clerk#000000776';

Explained.

SQL> SELECT * FROM TABLE(DBMS_XPLAN.DISPLAY('PLAN_TABLE','2a','SERIAL'));

PLAN_TABLE_OUTPUT                                                                                   
----------------------------------------------------------------------------------------------------
Plan hash value: 145255448
 
-------------------------------------------------------------------------------
| Id  | Operation        | Name       | Rows  | Bytes | Cost (%CPU)| Time     |
-------------------------------------------------------------------------------
|   0 | SELECT STATEMENT |            |     1 |    39 |     3   (0)| 00:00:01 |
|*  1 |  INDEX RANGE SCAN| A1TASK3IDX |     1 |    39 |     3   (0)| 00:00:01 |
-------------------------------------------------------------------------------
 
Predicate Information (identified by operation id):
---------------------------------------------------
 
   1 - access("O_ORDERDATE"=TO_DATE(' 1994-08-13 00:00:00', 
              'syyyy-mm-dd hh24:mi:ss') AND "O_CLERK"='Clerk#000000776' AND 
              "O_TOTALPRICE"=98676.18)
 
Note
-----
   - dynamic statistics used: dynamic sampling (level=2)

19 rows selected. 

SQL> -- qn b
SQL> explain plan set STATEMENT_ID='2b'for
  2  SELECT O_TOTALPRICE FROM ORDERS WHERE O_ORDERDATE = TO_DATE('1997', 'YYYY');

Explained.

SQL> SELECT * FROM TABLE(DBMS_XPLAN.DISPLAY('PLAN_TABLE','2b','SERIAL'));

PLAN_TABLE_OUTPUT                                                                                   
----------------------------------------------------------------------------------------------------
Plan hash value: 145255448
 
-------------------------------------------------------------------------------
| Id  | Operation        | Name       | Rows  | Bytes | Cost (%CPU)| Time     |
-------------------------------------------------------------------------------
|   0 | SELECT STATEMENT |            |   197 |  4334 |     4   (0)| 00:00:01 |
|*  1 |  INDEX RANGE SCAN| A1TASK3IDX |   197 |  4334 |     4   (0)| 00:00:01 |
-------------------------------------------------------------------------------
 
Predicate Information (identified by operation id):
---------------------------------------------------
 
   1 - access("O_ORDERDATE"=TO_DATE('1997','YYYY'))
 
Note
-----
   - dynamic statistics used: dynamic sampling (level=2)

17 rows selected. 

SQL> -- qn c
SQL> explain plan set STATEMENT_ID='2c'for
  2  SELECT O_TOTALPRICE FROM ORDERS;

Explained.

SQL> SELECT * FROM TABLE(DBMS_XPLAN.DISPLAY('PLAN_TABLE','2c','SERIAL'));

PLAN_TABLE_OUTPUT                                                                                   
----------------------------------------------------------------------------------------------------
Plan hash value: 341863333
 
-----------------------------------------------------------------------------------
| Id  | Operation            | Name       | Rows  | Bytes | Cost (%CPU)| Time     |
-----------------------------------------------------------------------------------
|   0 | SELECT STATEMENT     |            |   500K|  6351K|   703   (1)| 00:00:01 |
|   1 |  INDEX FAST FULL SCAN| A1TASK3IDX |   500K|  6351K|   703   (1)| 00:00:01 |
-----------------------------------------------------------------------------------
 
Note
-----
   - dynamic statistics used: dynamic sampling (level=2)

12 rows selected. 

SQL> -- qn d
SQL> explain plan set STATEMENT_ID='2d' for
  2  SELECT * FROM ORDERS WHERE o_orderdate= TO_DATE('1994-08-13', 'YYYY-MM-DD') AND o_totalprice = 98676.18 AND  o_clerk='Clerk#000000776';

Explained.

SQL> SELECT * FROM TABLE(DBMS_XPLAN.DISPLAY('PLAN_TABLE','2d','SERIAL'));

PLAN_TABLE_OUTPUT                                                                                   
----------------------------------------------------------------------------------------------------
Plan hash value: 1914512372
 
--------------------------------------------------------------------------------------------------
| Id  | Operation                           | Name       | Rows  | Bytes | Cost (%CPU)| Time     |
--------------------------------------------------------------------------------------------------
|   0 | SELECT STATEMENT                    |            |     1 |   139 |     4   (0)| 00:00:01 |
|   1 |  TABLE ACCESS BY INDEX ROWID BATCHED| ORDERS     |     1 |   139 |     4   (0)| 00:00:01 |
|*  2 |   INDEX RANGE SCAN                  | A1TASK3IDX |     1 |       |     3   (0)| 00:00:01 |
--------------------------------------------------------------------------------------------------
 
Predicate Information (identified by operation id):
---------------------------------------------------
 
   2 - access("O_ORDERDATE"=TO_DATE(' 1994-08-13 00:00:00', 'syyyy-mm-dd hh24:mi:ss') AND 
              "O_CLERK"='Clerk#000000776' AND "O_TOTALPRICE"=98676.18)
 
Note
-----
   - dynamic statistics used: dynamic sampling (level=2)

19 rows selected. 

SQL> -- qn e
SQL> explain plan set STATEMENT_ID='2e' for
  2  SELECT * FROM ORDERS WHERE O_ORDERDATE = TO_DATE('1997', 'YYYY');

Explained.

SQL> SELECT * FROM TABLE(DBMS_XPLAN.DISPLAY('PLAN_TABLE','2e','SERIAL'));

PLAN_TABLE_OUTPUT                                                                                   
----------------------------------------------------------------------------------------------------
Plan hash value: 1914512372
 
--------------------------------------------------------------------------------------------------
| Id  | Operation                           | Name       | Rows  | Bytes | Cost (%CPU)| Time     |
--------------------------------------------------------------------------------------------------
|   0 | SELECT STATEMENT                    |            |   197 | 27383 |   182   (0)| 00:00:01 |
|   1 |  TABLE ACCESS BY INDEX ROWID BATCHED| ORDERS     |   197 | 27383 |   182   (0)| 00:00:01 |
|*  2 |   INDEX RANGE SCAN                  | A1TASK3IDX |   197 |       |     4   (0)| 00:00:01 |
--------------------------------------------------------------------------------------------------
 
Predicate Information (identified by operation id):
---------------------------------------------------
 
   2 - access("O_ORDERDATE"=TO_DATE('1997','YYYY'))
 
Note
-----
   - dynamic statistics used: dynamic sampling (level=2)

18 rows selected. 

SQL> 
SQL> 
SQL> 
SQL> DROP INDEX A1Task3Idx;

Index A1TASK3IDX dropped.

SQL> 
SQL> SPOOL OFF
